<?xml version="1.0" encoding="utf-8"?><testsuites name="pytest tests"><testsuite name="pytest" errors="0" failures="0" skipped="0" tests="16" time="3.910" timestamp="2026-05-20T15:10:48.103407+00:00" hostname="agent-env-dcb20210-6248-4ac0-8244-1278a5697e47"><testcase classname="backend.tests.test_iteration10_giftcards.TestGiftCardPreview" name="test_preview_partial_cart_below_balance" time="0.644" /><testcase classname="backend.tests.test_iteration10_giftcards.TestGiftCardPreview" name="test_preview_cart_above_balance" time="0.130" /><testcase classname="backend.tests.test_iteration10_giftcards.TestGiftCardPreview" name="test_preview_unknown_code_404_or_400" time="0.147" /><testcase classname="backend.tests.test_iteration10_giftcards.TestGiftCardPreview" name="test_validate_active_card_returns_balance" time="0.135" /><testcase classname="backend.tests.test_iteration10_giftcards.TestGiftCardPreview" name="test_validate_unknown_card_404" time="0.164" /><testcase classname="backend.tests.test_iteration10_giftcards.TestGiftCardSingleUse" name="test_partial_consume_marks_redeemed_and_blocks_reuse" time="0.394" /><testcase classname="backend.tests.test_iteration10_giftcards.TestGiftCardSingleUse" name="test_reuse_attempt_via_iban_blocked" time="0.426" /><testcase classname="backend.tests.test_iteration10_giftcards.TestRegression" name="test_get_products" time="0.138" /><testcase classname="backend.tests.test_iteration10_giftcards.TestRegression" name="test_get_hero" time="0.141" /><testcase classname="backend.tests.test_iteration10_giftcards.TestRegression" name="test_get_cms" time="0.165" /><testcase classname="backend.tests.test_iteration10_giftcards.TestRegression" name="test_get_settings" time="0.151" /><testcase classname="backend.tests.test_iteration10_giftcards.TestRegression" name="test_iban_checkout_without_gift_card" time="0.273" /><testcase classname="backend.tests.test_iteration10_giftcards.TestRegression" name="test_order_lookup_invalid_ref" time="0.168" /><testcase classname="backend.tests.test_iteration10_giftcards.TestRegression" name="test_returns_validation_error" time="0.174" /><testcase classname="backend.tests.test_iteration10_giftcards.TestRegression" name="test_custom_requests_validation_error" time="0.130" /><testcase classname="backend.tests.test_iteration10_giftcards.TestRegression" name="test_chat_start" time="0.153" /></testsuite></testsuites>