<?xml version="1.0" encoding="utf-8"?><testsuites name="pytest tests"><testsuite name="pytest" errors="0" failures="1" skipped="0" tests="25" time="11.342" timestamp="2026-05-13T16:10:26.861967+00:00" hostname="agent-env-dcb20210-6248-4ac0-8244-1278a5697e47"><testcase classname="backend.tests.test_iteration3.TestSettings" name="test_get_settings_default_shape" time="0.401" /><testcase classname="backend.tests.test_iteration3.TestSettings" name="test_update_settings_requires_admin" time="0.853" /><testcase classname="backend.tests.test_iteration3.TestSettings" name="test_update_settings_success_and_persistence" time="1.604" /><testcase classname="backend.tests.test_iteration3.TestIbanCheckout" name="test_iban_checkout_create" time="0.845" /><testcase classname="backend.tests.test_iteration3.TestIbanCheckout" name="test_iban_checkout_empty_cart" time="0.237" /><testcase classname="backend.tests.test_iteration3.TestIbanCheckout" name="test_iban_checkout_invalid_email" time="0.574" /><testcase classname="backend.tests.test_iteration3.TestIbanCheckout" name="test_iban_lookup_by_reference" time="0.311" /><testcase classname="backend.tests.test_iteration3.TestIbanCheckout" name="test_iban_lookup_nonexistent" time="0.318" /><testcase classname="backend.tests.test_iteration3.TestHeroCMS" name="test_list_hero_public_initial" time="0.320" /><testcase classname="backend.tests.test_iteration3.TestHeroCMS" name="test_create_hero_requires_admin" time="0.243" /><testcase classname="backend.tests.test_iteration3.TestHeroCMS" name="test_create_hero_slide" time="0.546" /><testcase classname="backend.tests.test_iteration3.TestHeroCMS" name="test_create_second_slide_for_reorder" time="0.216" /><testcase classname="backend.tests.test_iteration3.TestHeroCMS" name="test_update_hero_slide" time="0.345" /><testcase classname="backend.tests.test_iteration3.TestHeroCMS" name="test_reorder_hero" time="0.218"><failure message="AssertionError: reorder failed: 404 {&quot;detail&quot;:&quot;Slide not found&quot;}&#10;assert 404 == 200&#10; +  where 404 = &lt;Response [404]&gt;.status_code">backend/tests/test_iteration3.py:208: in test_reorder_hero
    assert r.status_code == 200, f"reorder failed: {r.status_code} {r.text}"
E   AssertionError: reorder failed: 404 {"detail":"Slide not found"}
E   assert 404 == 200
E    +  where 404 = &lt;Response [404]&gt;.status_code</failure></testcase><testcase classname="backend.tests.test_iteration3.TestHeroCMS" name="test_delete_hero_slide" time="0.473" /><testcase classname="backend.tests.test_iteration3.TestHeroCMS" name="test_delete_nonexistent_hero" time="0.294" /><testcase classname="backend.tests.test_iteration3.TestCMSText" name="test_get_cms_defaults" time="0.308" /><testcase classname="backend.tests.test_iteration3.TestCMSText" name="test_update_cms_requires_admin" time="0.277" /><testcase classname="backend.tests.test_iteration3.TestCMSText" name="test_update_cms_replaces_items" time="0.526" /><testcase classname="backend.tests.test_iteration3.TestProductStatusFields" name="test_products_include_status_fields" time="0.265" /><testcase classname="backend.tests.test_iteration3.TestProductStatusFields" name="test_create_product_with_status" time="0.283" /><testcase classname="backend.tests.test_iteration3.TestProductStatusFields" name="test_cleanup_test_product" time="0.309" /><testcase classname="backend.tests.test_iteration3.TestRegression" name="test_root" time="0.300" /><testcase classname="backend.tests.test_iteration3.TestRegression" name="test_products_filter" time="0.366" /><testcase classname="backend.tests.test_iteration3.TestRegression" name="test_auth_me_unauth" time="0.281" /></testsuite></testsuites>