<?xml version="1.0" encoding="utf-8"?><testsuites name="pytest tests"><testsuite name="pytest" errors="0" failures="0" skipped="0" tests="29" time="8.576" timestamp="2026-05-07T14:36:04.344565+00:00" hostname="agent-env-dcb20210-6248-4ac0-8244-1278a5697e47"><testcase classname="backend.tests.test_iteration2.TestAdminAuth" name="test_admin_login_success" time="0.281" /><testcase classname="backend.tests.test_iteration2.TestAdminAuth" name="test_admin_login_wrong_password" time="0.230" /><testcase classname="backend.tests.test_iteration2.TestAdminProducts" name="test_create_product_requires_admin" time="0.243" /><testcase classname="backend.tests.test_iteration2.TestAdminProducts" name="test_create_product_wrong_token" time="0.240" /><testcase classname="backend.tests.test_iteration2.TestAdminProducts" name="test_create_product_success" time="0.377" /><testcase classname="backend.tests.test_iteration2.TestAdminProducts" name="test_update_product" time="0.375" /><testcase classname="backend.tests.test_iteration2.TestAdminProducts" name="test_update_requires_admin" time="0.196" /><testcase classname="backend.tests.test_iteration2.TestAdminProducts" name="test_delete_product" time="0.445" /><testcase classname="backend.tests.test_iteration2.TestAdminProducts" name="test_delete_requires_admin" time="0.197" /><testcase classname="backend.tests.test_iteration2.TestAdminProducts" name="test_delete_nonexistent" time="0.249" /><testcase classname="backend.tests.test_iteration2.TestAdminUpload" name="test_upload_requires_admin" time="0.189" /><testcase classname="backend.tests.test_iteration2.TestAdminUpload" name="test_upload_png_success" time="0.823" /><testcase classname="backend.tests.test_iteration2.TestAdminUpload" name="test_upload_unsupported_type" time="0.176" /><testcase classname="backend.tests.test_iteration2.TestAuth" name="test_me_without_session" time="0.194" /><testcase classname="backend.tests.test_iteration2.TestAuth" name="test_session_invalid" time="0.436" /><testcase classname="backend.tests.test_iteration2.TestOrders" name="test_orders_without_auth" time="0.210" /><testcase classname="backend.tests.backend_test.TestProducts" name="test_list_all_products" time="0.225" /><testcase classname="backend.tests.backend_test.TestProducts" name="test_filter_men" time="0.096" /><testcase classname="backend.tests.backend_test.TestProducts" name="test_filter_women" time="0.092" /><testcase classname="backend.tests.backend_test.TestProducts" name="test_filter_accessories" time="0.078" /><testcase classname="backend.tests.backend_test.TestProducts" name="test_filter_product_type_hoodie" time="0.081" /><testcase classname="backend.tests.backend_test.TestProducts" name="test_filter_featured" time="0.084" /><testcase classname="backend.tests.backend_test.TestProducts" name="test_get_product_by_id" time="0.083" /><testcase classname="backend.tests.backend_test.TestProducts" name="test_get_product_invalid_id" time="0.073" /><testcase classname="backend.tests.backend_test.TestCheckout" name="test_create_session_empty_items" time="0.085" /><testcase classname="backend.tests.backend_test.TestCheckout" name="test_create_session_invalid_product" time="0.083" /><testcase classname="backend.tests.backend_test.TestCheckout" name="test_create_session_success" time="1.967" /><testcase classname="backend.tests.backend_test.TestCheckout" name="test_checkout_status" time="0.250" /><testcase classname="backend.tests.backend_test.TestCheckout" name="test_webhook_endpoint_exists" time="0.076" /></testsuite></testsuites>