<?xml version="1.0" encoding="utf-8"?><testsuites name="pytest tests"><testsuite name="pytest" errors="0" failures="2" skipped="0" tests="54" time="16.963" timestamp="2026-05-13T16:11:16.526335+00:00" hostname="agent-env-dcb20210-6248-4ac0-8244-1278a5697e47"><testcase classname="backend.tests.backend_test.TestProducts" name="test_list_all_products" time="0.282"><failure message="AssertionError: assert 10 == 11&#10; +  where 10 = len([{'category': 'men', 'colors': ['Black'], 'created_at': '2026-05-06T15:03:05.431200Z', 'description': 'Manifesto print on chest and sleeves. Cotton blend fleece.', ...}, {'category': 'men', 'colors': ['Black', 'White'], 'created_at': '2026-05-06T15:03:05.432963Z', 'description': 'Bold typography front print on heavy-knit cotton tee. Drop shoulder.', ...}, {'category': 'men', 'colors': ['White', 'Bone'], 'created_at': '2026-05-06T15:03:05.434629Z', 'description': 'Limited edition large-format back print. 100% organic cotton.', ...}, {'category': 'women', 'colors': ['Black', 'Stone'], 'created_at': '2026-05-06T15:03:05.436901Z', 'description': 'Cropped fit hoodie with metallic chest print. Brushed inside fleece.', ...}, {'category': 'women', 'colors': ['White', 'Black'], 'created_at': '2026-05-06T15:03:05.438639Z', 'description': 'Boxy oversized hoodie with poetic statement print on the back.', ...}, {'category': 'women', 'colors': ['White', 'Black', 'Stone'], 'created_at': '2026-05-06T15:03:05.440435Z', 'description': 'Soft cotton-modal tee with repeating echo type print. Slim fit.', ...}, ...])">backend/tests/backend_test.py:28: in test_list_all_products
    assert len(all_products) == 11
E   AssertionError: assert 10 == 11
E    +  where 10 = len([{'category': 'men', 'colors': ['Black'], 'created_at': '2026-05-06T15:03:05.431200Z', 'description': 'Manifesto print on chest and sleeves. Cotton blend fleece.', ...}, {'category': 'men', 'colors': ['Black', 'White'], 'created_at': '2026-05-06T15:03:05.432963Z', 'description': 'Bold typography front print on heavy-knit cotton tee. Drop shoulder.', ...}, {'category': 'men', 'colors': ['White', 'Bone'], 'created_at': '2026-05-06T15:03:05.434629Z', 'description': 'Limited edition large-format back print. 100% organic cotton.', ...}, {'category': 'women', 'colors': ['Black', 'Stone'], 'created_at': '2026-05-06T15:03:05.436901Z', 'description': 'Cropped fit hoodie with metallic chest print. Brushed inside fleece.', ...}, {'category': 'women', 'colors': ['White', 'Black'], 'created_at': '2026-05-06T15:03:05.438639Z', 'description': 'Boxy oversized hoodie with poetic statement print on the back.', ...}, {'category': 'women', 'colors': ['White', 'Black', 'Stone'], 'created_at': '2026-05-06T15:03:05.440435Z', 'description': 'Soft cotton-modal tee with repeating echo type print. Slim fit.', ...}, ...])</failure></testcase><testcase classname="backend.tests.backend_test.TestProducts" name="test_filter_men" time="0.083"><failure message="AssertionError: assert 3 == 4&#10; +  where 3 = len([{'category': 'men', 'colors': ['Black'], 'created_at': '2026-05-06T15:03:05.431200Z', 'description': 'Manifesto print on chest and sleeves. Cotton blend fleece.', ...}, {'category': 'men', 'colors': ['Black', 'White'], 'created_at': '2026-05-06T15:03:05.432963Z', 'description': 'Bold typography front print on heavy-knit cotton tee. Drop shoulder.', ...}, {'category': 'men', 'colors': ['White', 'Bone'], 'created_at': '2026-05-06T15:03:05.434629Z', 'description': 'Limited edition large-format back print. 100% organic cotton.', ...}])">backend/tests/backend_test.py:38: in test_filter_men
    assert len(data) == 4
E   AssertionError: assert 3 == 4
E    +  where 3 = len([{'category': 'men', 'colors': ['Black'], 'created_at': '2026-05-06T15:03:05.431200Z', 'description': 'Manifesto print on chest and sleeves. Cotton blend fleece.', ...}, {'category': 'men', 'colors': ['Black', 'White'], 'created_at': '2026-05-06T15:03:05.432963Z', 'description': 'Bold typography front print on heavy-knit cotton tee. Drop shoulder.', ...}, {'category': 'men', 'colors': ['White', 'Bone'], 'created_at': '2026-05-06T15:03:05.434629Z', 'description': 'Limited edition large-format back print. 100% organic cotton.', ...}])</failure></testcase><testcase classname="backend.tests.backend_test.TestProducts" name="test_filter_women" time="0.090" /><testcase classname="backend.tests.backend_test.TestProducts" name="test_filter_accessories" time="0.083" /><testcase classname="backend.tests.backend_test.TestProducts" name="test_filter_product_type_hoodie" time="0.087" /><testcase classname="backend.tests.backend_test.TestProducts" name="test_filter_featured" time="0.092" /><testcase classname="backend.tests.backend_test.TestProducts" name="test_get_product_by_id" time="0.078" /><testcase classname="backend.tests.backend_test.TestProducts" name="test_get_product_invalid_id" time="0.083" /><testcase classname="backend.tests.backend_test.TestCheckout" name="test_create_session_empty_items" time="0.076" /><testcase classname="backend.tests.backend_test.TestCheckout" name="test_create_session_invalid_product" time="0.081" /><testcase classname="backend.tests.backend_test.TestCheckout" name="test_create_session_success" time="1.883" /><testcase classname="backend.tests.backend_test.TestCheckout" name="test_checkout_status" time="0.279" /><testcase classname="backend.tests.backend_test.TestCheckout" name="test_webhook_endpoint_exists" time="0.094" /><testcase classname="backend.tests.test_iteration2.TestAdminAuth" name="test_admin_login_success" time="0.252" /><testcase classname="backend.tests.test_iteration2.TestAdminAuth" name="test_admin_login_wrong_password" time="0.236" /><testcase classname="backend.tests.test_iteration2.TestAdminProducts" name="test_create_product_requires_admin" time="0.271" /><testcase classname="backend.tests.test_iteration2.TestAdminProducts" name="test_create_product_wrong_token" time="0.191" /><testcase classname="backend.tests.test_iteration2.TestAdminProducts" name="test_create_product_success" time="0.425" /><testcase classname="backend.tests.test_iteration2.TestAdminProducts" name="test_update_product" time="0.491" /><testcase classname="backend.tests.test_iteration2.TestAdminProducts" name="test_update_requires_admin" time="0.218" /><testcase classname="backend.tests.test_iteration2.TestAdminProducts" name="test_delete_product" time="0.480" /><testcase classname="backend.tests.test_iteration2.TestAdminProducts" name="test_delete_requires_admin" time="0.246" /><testcase classname="backend.tests.test_iteration2.TestAdminProducts" name="test_delete_nonexistent" time="0.226" /><testcase classname="backend.tests.test_iteration2.TestAdminUpload" name="test_upload_requires_admin" time="0.195" /><testcase classname="backend.tests.test_iteration2.TestAdminUpload" name="test_upload_png_success" time="0.835" /><testcase classname="backend.tests.test_iteration2.TestAdminUpload" name="test_upload_unsupported_type" time="0.406" /><testcase classname="backend.tests.test_iteration2.TestAuth" name="test_me_without_session" time="0.228" /><testcase classname="backend.tests.test_iteration2.TestAuth" name="test_session_invalid" time="0.464" /><testcase classname="backend.tests.test_iteration2.TestOrders" name="test_orders_without_auth" time="0.435" /><testcase classname="backend.tests.test_iteration3.TestSettings" name="test_get_settings_default_shape" time="0.280" /><testcase classname="backend.tests.test_iteration3.TestSettings" name="test_update_settings_requires_admin" time="0.454" /><testcase classname="backend.tests.test_iteration3.TestSettings" name="test_update_settings_success_and_persistence" time="0.438" /><testcase classname="backend.tests.test_iteration3.TestIbanCheckout" name="test_iban_checkout_create" time="0.513" /><testcase classname="backend.tests.test_iteration3.TestIbanCheckout" name="test_iban_checkout_empty_cart" time="0.208" /><testcase classname="backend.tests.test_iteration3.TestIbanCheckout" name="test_iban_checkout_invalid_email" time="0.400" /><testcase classname="backend.tests.test_iteration3.TestIbanCheckout" name="test_iban_lookup_by_reference" time="0.223" /><testcase classname="backend.tests.test_iteration3.TestIbanCheckout" name="test_iban_lookup_nonexistent" time="0.260" /><testcase classname="backend.tests.test_iteration3.TestHeroCMS" name="test_list_hero_public_initial" time="0.229" /><testcase classname="backend.tests.test_iteration3.TestHeroCMS" name="test_create_hero_requires_admin" time="0.206" /><testcase classname="backend.tests.test_iteration3.TestHeroCMS" name="test_create_hero_slide" time="0.422" /><testcase classname="backend.tests.test_iteration3.TestHeroCMS" name="test_create_second_slide_for_reorder" time="0.201" /><testcase classname="backend.tests.test_iteration3.TestHeroCMS" name="test_update_hero_slide" time="0.211" /><testcase classname="backend.tests.test_iteration3.TestHeroCMS" name="test_reorder_hero" time="0.435" /><testcase classname="backend.tests.test_iteration3.TestHeroCMS" name="test_delete_hero_slide" time="0.461" /><testcase classname="backend.tests.test_iteration3.TestHeroCMS" name="test_delete_nonexistent_hero" time="0.241" /><testcase classname="backend.tests.test_iteration3.TestCMSText" name="test_get_cms_defaults" time="0.207" /><testcase classname="backend.tests.test_iteration3.TestCMSText" name="test_update_cms_requires_admin" time="0.205" /><testcase classname="backend.tests.test_iteration3.TestCMSText" name="test_update_cms_replaces_items" time="0.416" /><testcase classname="backend.tests.test_iteration3.TestProductStatusFields" name="test_products_include_status_fields" time="0.208" /><testcase classname="backend.tests.test_iteration3.TestProductStatusFields" name="test_create_product_with_status" time="0.280" /><testcase classname="backend.tests.test_iteration3.TestProductStatusFields" name="test_cleanup_test_product" time="0.233" /><testcase classname="backend.tests.test_iteration3.TestRegression" name="test_root" time="0.196" /><testcase classname="backend.tests.test_iteration3.TestRegression" name="test_products_filter" time="0.229" /><testcase classname="backend.tests.test_iteration3.TestRegression" name="test_auth_me_unauth" time="0.237" /></testsuite></testsuites>