<?xml version="1.0" encoding="utf-8"?><testsuites name="pytest tests"><testsuite name="pytest" errors="0" failures="0" skipped="0" tests="8" time="9.060" timestamp="2026-05-19T18:11:31.671616+00:00" hostname="agent-env-dcb20210-6248-4ac0-8244-1278a5697e47"><testcase classname="backend.tests.test_phase7.TestMultiAdminJoined" name="test_first_admin_reply_inserts_joined_sysmsg" time="4.929" /><testcase classname="backend.tests.test_phase7.TestMultiAdminJoined" name="test_second_reply_same_admin_no_extra_joined" time="0.489" /><testcase classname="backend.tests.test_phase7.TestMultiAdminJoined" name="test_second_admin_emits_joined" time="0.316" /><testcase classname="backend.tests.test_phase7.TestAdminClose" name="test_close_inserts_sysmsg_and_status" time="0.336" /><testcase classname="backend.tests.test_phase7.TestAdminClose" name="test_customer_message_after_close_400" time="0.178" /><testcase classname="backend.tests.test_phase7.TestAdminClose" name="test_start_new_session_allowed" time="0.153" /><testcase classname="backend.tests.test_phase7.TestSystemMessageShape" name="test_system_messages_have_no_sender_name" time="2.113" /><testcase classname="backend.tests.test_phase7.TestSystemMessageShape" name="test_admin_messages_have_sender_name" time="0.147" /></testsuite></testsuites>