<?xml version="1.0" encoding="utf-8"?><testsuites name="pytest tests"><testsuite name="pytest" errors="0" failures="0" skipped="0" tests="17" time="3.449" timestamp="2026-05-17T12:09:04.065483+00:00" hostname="agent-env-dcb20210-6248-4ac0-8244-1278a5697e47"><testcase classname="backend.tests.test_phase1.TestFaqsPublic" name="test_list_faqs_seeded" time="0.329" /><testcase classname="backend.tests.test_phase1.TestFaqsAdmin" name="test_admin_list_requires_token" time="0.245" /><testcase classname="backend.tests.test_phase1.TestFaqsAdmin" name="test_admin_list_with_token" time="0.186" /><testcase classname="backend.tests.test_phase1.TestFaqsAdmin" name="test_admin_create_faq" time="0.176" /><testcase classname="backend.tests.test_phase1.TestFaqsAdmin" name="test_admin_update_faq" time="0.207" /><testcase classname="backend.tests.test_phase1.TestFaqsAdmin" name="test_admin_delete_faq" time="0.273" /><testcase classname="backend.tests.test_phase1.TestCustomRequests" name="test_submit_custom_request" time="0.144" /><testcase classname="backend.tests.test_phase1.TestCustomRequests" name="test_admin_list_custom_requests_no_token" time="0.120" /><testcase classname="backend.tests.test_phase1.TestCustomRequests" name="test_admin_list_custom_requests" time="0.115" /><testcase classname="backend.tests.test_phase1.TestCustomRequests" name="test_admin_update_status" time="0.570" /><testcase classname="backend.tests.test_phase1.TestCustomRequests" name="test_admin_update_status_invalid_id" time="0.127" /><testcase classname="backend.tests.test_phase1.TestRegression" name="test_products" time="0.122" /><testcase classname="backend.tests.test_phase1.TestRegression" name="test_settings" time="0.116" /><testcase classname="backend.tests.test_phase1.TestRegression" name="test_cms" time="0.126" /><testcase classname="backend.tests.test_phase1.TestRegression" name="test_hero" time="0.136" /><testcase classname="backend.tests.test_phase1.TestRegression" name="test_iban_checkout" time="0.139" /><testcase classname="backend.tests.test_phase1.TestRegression" name="test_admin_orders" time="0.137" /></testsuite></testsuites>