<?xml version="1.0" encoding="utf-8"?><testsuites name="pytest tests"><testsuite name="pytest" errors="0" failures="0" skipped="0" tests="37" time="6.685" timestamp="2026-05-17T12:34:10.218500+00:00" hostname="agent-env-dcb20210-6248-4ac0-8244-1278a5697e47"><testcase classname="backend.tests.test_phase234.TestOrderLookup" name="test_lookup_valid" time="0.517" /><testcase classname="backend.tests.test_phase234.TestOrderLookup" name="test_lookup_wrong_email" time="0.127" /><testcase classname="backend.tests.test_phase234.TestOrderLookup" name="test_lookup_wrong_reference" time="0.145" /><testcase classname="backend.tests.test_phase234.TestOrderLookup" name="test_lookup_case_insensitive_email" time="0.139" /><testcase classname="backend.tests.test_phase234.TestFulfillment" name="test_invalid_status" time="0.130" /><testcase classname="backend.tests.test_phase234.TestFulfillment" name="test_requires_admin_token" time="0.160" /><testcase classname="backend.tests.test_phase234.TestFulfillment" name="test_status_transitions_and_timestamps" time="0.453" /><testcase classname="backend.tests.test_phase234.TestFulfillment" name="test_fulfillment_visible_to_customer" time="0.154" /><testcase classname="backend.tests.test_phase234.TestFulfillment" name="test_unknown_order_404" time="0.121" /><testcase classname="backend.tests.test_phase234.TestReturns" name="test_create_return_refund" time="0.142" /><testcase classname="backend.tests.test_phase234.TestReturns" name="test_wrong_email" time="0.122" /><testcase classname="backend.tests.test_phase234.TestReturns" name="test_invalid_return_type" time="0.138" /><testcase classname="backend.tests.test_phase234.TestReturns" name="test_invalid_reason" time="0.150" /><testcase classname="backend.tests.test_phase234.TestReturns" name="test_description_too_long" time="0.141" /><testcase classname="backend.tests.test_phase234.TestReturns" name="test_admin_list_returns" time="0.146" /><testcase classname="backend.tests.test_phase234.TestReturns" name="test_admin_list_requires_token" time="0.120" /><testcase classname="backend.tests.test_phase234.TestReturns" name="test_admin_update_status_transitions" time="0.554" /><testcase classname="backend.tests.test_phase234.TestReturns" name="test_admin_update_invalid_status" time="0.144" /><testcase classname="backend.tests.test_phase234.TestReturns" name="test_create_exchange" time="0.139" /><testcase classname="backend.tests.test_phase234.TestChat" name="test_chat_start" time="0.145" /><testcase classname="backend.tests.test_phase234.TestChat" name="test_chat_fetch_messages" time="0.141" /><testcase classname="backend.tests.test_phase234.TestChat" name="test_customer_send_message" time="0.143" /><testcase classname="backend.tests.test_phase234.TestChat" name="test_customer_send_empty" time="0.137" /><testcase classname="backend.tests.test_phase234.TestChat" name="test_admin_lists_sessions" time="0.135" /><testcase classname="backend.tests.test_phase234.TestChat" name="test_admin_lists_sessions_requires_token" time="0.150" /><testcase classname="backend.tests.test_phase234.TestChat" name="test_admin_reply" time="0.187" /><testcase classname="backend.tests.test_phase234.TestChat" name="test_customer_polls_with_since_filter" time="0.144" /><testcase classname="backend.tests.test_phase234.TestChat" name="test_admin_close_session" time="0.152" /><testcase classname="backend.tests.test_phase234.TestChat" name="test_post_to_closed_chat_400" time="0.227" /><testcase classname="backend.tests.test_phase234.TestChat" name="test_admin_session_detail" time="0.154" /><testcase classname="backend.tests.test_phase234.TestRegression" name="test_products_list" time="0.158" /><testcase classname="backend.tests.test_phase234.TestRegression" name="test_settings" time="0.135" /><testcase classname="backend.tests.test_phase234.TestRegression" name="test_hero" time="0.134" /><testcase classname="backend.tests.test_phase234.TestRegression" name="test_cms" time="0.118" /><testcase classname="backend.tests.test_phase234.TestRegression" name="test_faqs" time="0.137" /><testcase classname="backend.tests.test_phase234.TestRegression" name="test_custom_request_submit" time="0.136" /><testcase classname="backend.tests.test_phase234.TestRegression" name="test_admin_orders_list" time="0.133" /></testsuite></testsuites>