<?xml version="1.0" encoding="utf-8"?><testsuites name="pytest tests"><testsuite name="pytest" errors="0" failures="0" skipped="0" tests="17" time="3.790" timestamp="2026-05-20T13:42:08.316042+00:00" hostname="agent-env-dcb20210-6248-4ac0-8244-1278a5697e47"><testcase classname="backend.tests.test_phase9.TestGiftCardPreview" name="test_preview_partial_coverage" time="2.223" /><testcase classname="backend.tests.test_phase9.TestGiftCardPreview" name="test_preview_full_coverage_above_balance" time="0.058" /><testcase classname="backend.tests.test_phase9.TestGiftCardPreview" name="test_preview_invalid_code_400" time="0.056" /><testcase classname="backend.tests.test_phase9.TestGiftCardPreview" name="test_preview_empty_code_400" time="0.056" /><testcase classname="backend.tests.test_phase9.TestGiftCardValidate" name="test_validate_active_card" time="0.055" /><testcase classname="backend.tests.test_phase9.TestGiftCardValidate" name="test_validate_unknown_code_404" time="0.053" /><testcase classname="backend.tests.test_phase9.TestIbanCheckoutWithGift" name="test_iban_fully_paid_by_gift" time="0.126" /><testcase classname="backend.tests.test_phase9.TestIbanCheckoutWithGift" name="test_iban_partial_gift_still_awaiting" time="0.060" /><testcase classname="backend.tests.test_phase9.TestIbanCheckoutWithGift" name="test_iban_no_gift_card_regression" time="0.062" /><testcase classname="backend.tests.test_phase9.TestRegression" name="test_get_products" time="0.052" /><testcase classname="backend.tests.test_phase9.TestRegression" name="test_get_hero" time="0.055" /><testcase classname="backend.tests.test_phase9.TestRegression" name="test_get_cms" time="0.053" /><testcase classname="backend.tests.test_phase9.TestRegression" name="test_get_settings" time="0.053" /><testcase classname="backend.tests.test_phase9.TestRegression" name="test_order_lookup_missing" time="0.052" /><testcase classname="backend.tests.test_phase9.TestRegression" name="test_returns_submit" time="0.117" /><testcase classname="backend.tests.test_phase9.TestRegression" name="test_custom_request" time="0.055" /><testcase classname="backend.tests.test_phase9.TestRegression" name="test_chat_start" time="0.062" /></testsuite></testsuites>