<?xml version="1.0" encoding="utf-8"?><testsuites name="pytest tests"><testsuite name="pytest" errors="0" failures="0" skipped="0" tests="20" time="4.657" timestamp="2026-05-17T13:49:21.892574+00:00" hostname="agent-env-dcb20210-6248-4ac0-8244-1278a5697e47"><testcase classname="backend.tests.test_phase6.TestAnalytics" name="test_requires_admin" time="0.596" /><testcase classname="backend.tests.test_phase6.TestAnalytics" name="test_analytics_ranges[7]" time="0.155" /><testcase classname="backend.tests.test_phase6.TestAnalytics" name="test_analytics_ranges[30]" time="0.148" /><testcase classname="backend.tests.test_phase6.TestAnalytics" name="test_analytics_ranges[90]" time="0.187" /><testcase classname="backend.tests.test_phase6.TestAnalytics" name="test_analytics_ranges[365]" time="0.156" /><testcase classname="backend.tests.test_phase6.TestGiftCardCheckout" name="test_amount_zero_rejected" time="0.125" /><testcase classname="backend.tests.test_phase6.TestGiftCardCheckout" name="test_amount_too_high_rejected" time="0.120" /><testcase classname="backend.tests.test_phase6.TestGiftCardCheckout" name="test_valid_purchase_creates_session" time="0.714" /><testcase classname="backend.tests.test_phase6.TestGiftCardValidate" name="test_nonexistent_returns_404" time="0.147" /><testcase classname="backend.tests.test_phase6.TestGiftCardValidate" name="test_pending_payment_returns_400" time="0.124" /><testcase classname="backend.tests.test_phase6.TestGiftCardValidate" name="test_active_returns_balance" time="0.131" /><testcase classname="backend.tests.test_phase6.TestAdminGiftCards" name="test_admin_list" time="0.164" /><testcase classname="backend.tests.test_phase6.TestAdminGiftCards" name="test_admin_update_status" time="0.322" /><testcase classname="backend.tests.test_phase6.TestAdminGiftCards" name="test_admin_update_404" time="0.128" /><testcase classname="backend.tests.test_phase6.TestCheckoutStatusGiftFlip" name="test_already_active_returns_paid" time="0.133" /><testcase classname="backend.tests.test_phase6.TestCheckoutStatusGiftFlip" name="test_unknown_session_404" time="0.138" /><testcase classname="backend.tests.test_phase6.TestRegression" name="test_products" time="0.129" /><testcase classname="backend.tests.test_phase6.TestRegression" name="test_settings_eur" time="0.121" /><testcase classname="backend.tests.test_phase6.TestRegression" name="test_faqs" time="0.127" /><testcase classname="backend.tests.test_phase6.TestRegression" name="test_hero" time="0.136" /></testsuite></testsuites>