<?xml version="1.0" encoding="utf-8"?><testsuites name="pytest tests"><testsuite name="pytest" errors="2" failures="1" skipped="0" tests="5" time="6.423" timestamp="2026-05-20T11:37:12.713947+00:00" hostname="agent-env-dcb20210-6248-4ac0-8244-1278a5697e47"><testcase classname="backend.tests.test_phase8.TestCustomRequest" name="test_custom_request_creates_doc_and_returns_fast" time="0.327"><failure message="AssertionError: {&quot;detail&quot;:[{&quot;type&quot;:&quot;missing&quot;,&quot;loc&quot;:[&quot;body&quot;,&quot;product_type&quot;],&quot;msg&quot;:&quot;Field required&quot;,&quot;input&quot;:{&quot;customer_name&quot;:&quot;TEST_Phase8 Customer&quot;,&quot;email&quot;:&quot;test_phase8@example.com&quot;,&quot;phone&quot;:&quot;+371 20000000&quot;,&quot;garment_type&quot;:&quot;hoodie&quot;,&quot;size_estimate&quot;:&quot;M&quot;,&quot;fabric_preference&quot;:&quot;organic cotton&quot;,&quot;color_palette&quot;:&quot;ivory + charcoal&quot;,&quot;design_notes&quot;:&quot;minimal logo, hand-pressed&quot;,&quot;quantity&quot;:1,&quot;budget_range&quot;:&quot;100-200&quot;,&quot;contact_preference&quot;:&quot;email&quot;},&quot;url&quot;:&quot;https://errors.pydantic.dev/2.13/v/missing&quot;},{&quot;type&quot;:&quot;missing&quot;,&quot;loc&quot;:[&quot;body&quot;,&quot;idea_description&quot;],&quot;msg&quot;:&quot;Field required&quot;,&quot;input&quot;:{&quot;customer_name&quot;:&quot;TEST_Phase8 Customer&quot;,&quot;email&quot;:&quot;test_phase8@example.com&quot;,&quot;phone&quot;:&quot;+371 20000000&quot;,&quot;garment_type&quot;:&quot;hoodie&quot;,&quot;size_estimate&quot;:&quot;M&quot;,&quot;fabric_preference&quot;:&quot;organic cotton&quot;,&quot;color_palette&quot;:&quot;ivory + charcoal&quot;,&quot;design_notes&quot;:&quot;minimal logo, hand-pressed&quot;,&quot;quantity&quot;:1,&quot;budget_range&quot;:&quot;100-200&quot;,&quot;contact_preference&quot;:&quot;email&quot;},&quot;url&quot;:&quot;https://errors.pydantic.dev/2.13/v/missing&quot;}]}&#10;assert 422 == 200&#10; +  where 422 = &lt;Response [422]&gt;.status_code">backend/tests/test_phase8.py:41: in test_custom_request_creates_doc_and_returns_fast
    assert r.status_code == 200, r.text
E   AssertionError: {"detail":[{"type":"missing","loc":["body","product_type"],"msg":"Field required","input":{"customer_name":"TEST_Phase8 Customer","email":"test_phase8@example.com","phone":"+371 20000000","garment_type":"hoodie","size_estimate":"M","fabric_preference":"organic cotton","color_palette":"ivory + charcoal","design_notes":"minimal logo, hand-pressed","quantity":1,"budget_range":"100-200","contact_preference":"email"},"url":"https://errors.pydantic.dev/2.13/v/missing"},{"type":"missing","loc":["body","idea_description"],"msg":"Field required","input":{"customer_name":"TEST_Phase8 Customer","email":"test_phase8@example.com","phone":"+371 20000000","garment_type":"hoodie","size_estimate":"M","fabric_preference":"organic cotton","color_palette":"ivory + charcoal","design_notes":"minimal logo, hand-pressed","quantity":1,"budget_range":"100-200","contact_preference":"email"},"url":"https://errors.pydantic.dev/2.13/v/missing"}]}
E   assert 422 == 200
E    +  where 422 = &lt;Response [422]&gt;.status_code</failure></testcase><testcase classname="backend.tests.test_phase8.TestMarkPaidIdempotent" name="test_mark_paid_first_call_sets_invoice_sent" time="0.312"><error message="failed on setup with &quot;AssertionError: {&quot;detail&quot;:[{&quot;type&quot;:&quot;string_type&quot;,&quot;loc&quot;:[&quot;body&quot;,&quot;shipping_address&quot;],&quot;msg&quot;:&quot;Input should be a valid string&quot;,&quot;input&quot;:{&quot;line1&quot;:&quot;Riga 1&quot;,&quot;city&quot;:&quot;Riga&quot;,&quot;country&quot;:&quot;LV&quot;,&quot;postal_code&quot;:&quot;LV-1000&quot;},&quot;url&quot;:&quot;https://errors.pydantic.dev/2.13/v/string_type&quot;}]}&#10;assert 422 == 200&#10; +  where 422 = &lt;Response [422]&gt;.status_code&quot;">backend/tests/test_phase8.py:75: in iban_order
    assert r.status_code == 200, r.text
E   AssertionError: {"detail":[{"type":"string_type","loc":["body","shipping_address"],"msg":"Input should be a valid string","input":{"line1":"Riga 1","city":"Riga","country":"LV","postal_code":"LV-1000"},"url":"https://errors.pydantic.dev/2.13/v/string_type"}]}
E   assert 422 == 200
E    +  where 422 = &lt;Response [422]&gt;.status_code</error></testcase><testcase classname="backend.tests.test_phase8.TestMarkPaidIdempotent" name="test_mark_paid_second_call_is_idempotent" time="0.281"><error message="failed on setup with &quot;AssertionError: {&quot;detail&quot;:[{&quot;type&quot;:&quot;string_type&quot;,&quot;loc&quot;:[&quot;body&quot;,&quot;shipping_address&quot;],&quot;msg&quot;:&quot;Input should be a valid string&quot;,&quot;input&quot;:{&quot;line1&quot;:&quot;Riga 1&quot;,&quot;city&quot;:&quot;Riga&quot;,&quot;country&quot;:&quot;LV&quot;,&quot;postal_code&quot;:&quot;LV-1000&quot;},&quot;url&quot;:&quot;https://errors.pydantic.dev/2.13/v/string_type&quot;}]}&#10;assert 422 == 200&#10; +  where 422 = &lt;Response [422]&gt;.status_code&quot;">backend/tests/test_phase8.py:75: in iban_order
    assert r.status_code == 200, r.text
E   AssertionError: {"detail":[{"type":"string_type","loc":["body","shipping_address"],"msg":"Input should be a valid string","input":{"line1":"Riga 1","city":"Riga","country":"LV","postal_code":"LV-1000"},"url":"https://errors.pydantic.dev/2.13/v/string_type"}]}
E   assert 422 == 200
E    +  where 422 = &lt;Response [422]&gt;.status_code</error></testcase><testcase classname="backend.tests.test_phase8.TestChatAITyping" name="test_chat_start_sets_ai_typing_true_then_false" time="4.930" /><testcase classname="backend.tests.test_phase8.TestChatAITyping" name="test_chat_messages_endpoint_exposes_ai_typing_and_active_admin" time="0.302" /></testsuite></testsuites>