<?xml version="1.0" encoding="utf-8"?><testsuites name="pytest tests"><testsuite name="pytest" errors="0" failures="0" skipped="0" tests="14" time="13.498" timestamp="2026-05-17T13:17:26.257320+00:00" hostname="agent-env-dcb20210-6248-4ac0-8244-1278a5697e47"><testcase classname="backend.tests.test_phase5_chat_ai" name="test_settings_public" time="0.174" /><testcase classname="backend.tests.test_phase5_chat_ai" name="test_products_list" time="0.064" /><testcase classname="backend.tests.test_phase5_chat_ai" name="test_faqs_public" time="0.056" /><testcase classname="backend.tests.test_phase5_chat_ai" name="test_hero_public" time="0.059" /><testcase classname="backend.tests.test_phase5_chat_ai" name="test_cms_public" time="0.054" /><testcase classname="backend.tests.test_phase5_chat_ai" name="test_chat_start_returns_200_and_session" time="2.290" /><testcase classname="backend.tests.test_phase5_chat_ai" name="test_chat_start_resend_fire_and_forget_no_block" time="0.001" /><testcase classname="backend.tests.test_phase5_chat_ai" name="test_chat_messages_after_start_has_customer_and_maybe_ai" time="1.572" /><testcase classname="backend.tests.test_phase5_chat_ai" name="test_chat_send_second_customer_msg_no_500" time="2.179" /><testcase classname="backend.tests.test_phase5_chat_ai" name="test_admin_reply_then_ai_suppressed_for_5min" time="6.371" /><testcase classname="backend.tests.test_phase5_chat_ai" name="test_chat_send_empty_body_returns_400" time="0.058" /><testcase classname="backend.tests.test_phase5_chat_ai" name="test_chat_send_unknown_session_returns_404" time="0.067" /><testcase classname="backend.tests.test_phase5_chat_ai" name="test_admin_chat_sessions_list" time="0.066" /><testcase classname="backend.tests.test_phase5_chat_ai" name="test_admin_chat_sessions_unauthenticated" time="0.260" /></testsuite></testsuites>