<?xml version="1.0" encoding="utf-8"?><testsuites name="pytest tests"><testsuite name="pytest" errors="0" failures="1" skipped="0" tests="13" time="2.973" timestamp="2026-05-06T15:07:48.885102+00:00" hostname="agent-env-dcb20210-6248-4ac0-8244-1278a5697e47"><testcase classname="backend.tests.backend_test.TestProducts" name="test_list_all_products" time="0.398" /><testcase classname="backend.tests.backend_test.TestProducts" name="test_filter_men" time="0.078" /><testcase classname="backend.tests.backend_test.TestProducts" name="test_filter_women" time="0.083" /><testcase classname="backend.tests.backend_test.TestProducts" name="test_filter_accessories" time="0.073" /><testcase classname="backend.tests.backend_test.TestProducts" name="test_filter_product_type_hoodie" time="0.072" /><testcase classname="backend.tests.backend_test.TestProducts" name="test_filter_featured" time="0.070" /><testcase classname="backend.tests.backend_test.TestProducts" name="test_get_product_by_id" time="0.071" /><testcase classname="backend.tests.backend_test.TestProducts" name="test_get_product_invalid_id" time="0.077" /><testcase classname="backend.tests.backend_test.TestCheckout" name="test_create_session_empty_items" time="0.074" /><testcase classname="backend.tests.backend_test.TestCheckout" name="test_create_session_invalid_product" time="0.072" /><testcase classname="backend.tests.backend_test.TestCheckout" name="test_create_session_success" time="1.059" /><testcase classname="backend.tests.backend_test.TestCheckout" name="test_checkout_status" time="0.255"><failure message="assert 500 == 200&#10; +  where 500 = &lt;Response [500]&gt;.status_code">backend/tests/backend_test.py:115: in test_checkout_status
    assert r.status_code == 200
E   assert 500 == 200
E    +  where 500 = &lt;Response [500]&gt;.status_code</failure></testcase><testcase classname="backend.tests.backend_test.TestCheckout" name="test_webhook_endpoint_exists" time="0.071" /></testsuite></testsuites>